0 info it worked if it ends with ok
1 verbose cli [ 'c:\\dev\\app\\nodejs\\node.exe',
1 verbose cli   'c:\\dev\\app\\nodejs\\node_modules\\npm\\bin\\npm-cli.js',
1 verbose cli   'install',
1 verbose cli   'grunt-ng-annotat',
1 verbose cli   '--save-dev' ]
2 info using npm@1.4.28
3 info using node@v0.10.32
4 verbose readDependencies using package.json deps
5 verbose cache add [ 'grunt-ng-annotat', null ]
6 verbose cache add name=undefined spec="grunt-ng-annotat" args=["grunt-ng-annotat",null]
7 verbose parsed url { protocol: null,
7 verbose parsed url   slashes: null,
7 verbose parsed url   auth: null,
7 verbose parsed url   host: null,
7 verbose parsed url   port: null,
7 verbose parsed url   hostname: null,
7 verbose parsed url   hash: null,
7 verbose parsed url   search: null,
7 verbose parsed url   query: null,
7 verbose parsed url   pathname: 'grunt-ng-annotat',
7 verbose parsed url   path: 'grunt-ng-annotat',
7 verbose parsed url   href: 'grunt-ng-annotat' }
8 silly lockFile 3f6166c9-grunt-ng-annotat grunt-ng-annotat
9 verbose lock grunt-ng-annotat C:\Users\admin\AppData\Roaming\npm-cache\3f6166c9-grunt-ng-annotat.lock
10 silly lockFile 3f6166c9-grunt-ng-annotat grunt-ng-annotat
11 silly lockFile 3f6166c9-grunt-ng-annotat grunt-ng-annotat
12 verbose addNamed [ 'grunt-ng-annotat', '' ]
13 verbose addNamed [ null, '*' ]
14 silly lockFile 7a563b24-grunt-ng-annotat grunt-ng-annotat@
15 verbose lock grunt-ng-annotat@ C:\Users\admin\AppData\Roaming\npm-cache\7a563b24-grunt-ng-annotat.lock
16 silly addNameRange { name: 'grunt-ng-annotat', range: '*', hasData: false }
17 verbose request where is /grunt-ng-annotat
18 verbose request registry https://registry.npmjs.org/
19 verbose request id 3c4c1dfe2558af5e
20 verbose url raw /grunt-ng-annotat
21 verbose url resolving [ 'https://registry.npmjs.org/', './grunt-ng-annotat' ]
22 verbose url resolved https://registry.npmjs.org/grunt-ng-annotat
23 verbose request where is https://registry.npmjs.org/grunt-ng-annotat
24 info trying registry request attempt 1 at 23:30:21
25 http GET https://registry.npmjs.org/grunt-ng-annotat
26 http 404 https://registry.npmjs.org/grunt-ng-annotat
27 verbose headers { date: 'Wed, 11 Mar 2015 14:30:27 GMT',
27 verbose headers   server: 'CouchDB/1.5.0 (Erlang OTP/R16B03)',
27 verbose headers   'content-type': 'application/json',
27 verbose headers   'cache-control': 'max-age=0',
27 verbose headers   'content-length': '52',
27 verbose headers   'accept-ranges': 'bytes',
27 verbose headers   via: '1.1 varnish',
27 verbose headers   age: '0',
27 verbose headers   'x-served-by': 'cache-nrt6122-NRT',
27 verbose headers   'x-cache': 'MISS',
27 verbose headers   'x-cache-hits': '0',
27 verbose headers   'x-timer': 'S1426084226.820864,VS0,VE457',
27 verbose headers   'keep-alive': 'timeout=10, max=50',
27 verbose headers   connection: 'Keep-Alive' }
28 silly registry.get cb [ 404,
28 silly registry.get   { date: 'Wed, 11 Mar 2015 14:30:27 GMT',
28 silly registry.get     server: 'CouchDB/1.5.0 (Erlang OTP/R16B03)',
28 silly registry.get     'content-type': 'application/json',
28 silly registry.get     'cache-control': 'max-age=0',
28 silly registry.get     'content-length': '52',
28 silly registry.get     'accept-ranges': 'bytes',
28 silly registry.get     via: '1.1 varnish',
28 silly registry.get     age: '0',
28 silly registry.get     'x-served-by': 'cache-nrt6122-NRT',
28 silly registry.get     'x-cache': 'MISS',
28 silly registry.get     'x-cache-hits': '0',
28 silly registry.get     'x-timer': 'S1426084226.820864,VS0,VE457',
28 silly registry.get     'keep-alive': 'timeout=10, max=50',
28 silly registry.get     connection: 'Keep-Alive' } ]
29 silly lockFile 7a563b24-grunt-ng-annotat grunt-ng-annotat@
30 silly lockFile 7a563b24-grunt-ng-annotat grunt-ng-annotat@
31 error 404 404 Not Found: grunt-ng-annotat
31 error 404
31 error 404 'grunt-ng-annotat' is not in the npm registry.
31 error 404 You should bug the author to publish it
31 error 404 It was specified as a dependency of 'perlerbeads'
31 error 404
31 error 404 Note that you can also install from a
31 error 404 tarball, folder, or http url, or git url.
32 error System Windows_NT 6.2.9200
33 error command "c:\\dev\\app\\nodejs\\node.exe" "c:\\dev\\app\\nodejs\\node_modules\\npm\\bin\\npm-cli.js" "install" "grunt-ng-annotat" "--save-dev"
34 error cwd c:\dev\JavaScript\webStormProjects\perlerbeads
35 error node -v v0.10.32
36 error npm -v 1.4.28
37 error code E404
38 verbose exit [ 1, true ]
